<?xml version="1.0" encoding="UTF-8"?>
<!-- Generated by org.testng.reporters.JUnitReportReporter -->
<testsuite hostname="dev-2.local" name="org.apache.struts2.TestNGStrutsTestCaseTest$RunTest" tests="1" failures="0" timestamp="13 Jan 2022 07:53:25 GMT" time="0.001" errors="0">
  <testcase name="testRun" time="0.001" classname="org.apache.struts2.TestNGStrutsTestCaseTest$RunTest"/>
</testsuite> <!-- org.apache.struts2.TestNGStrutsTestCaseTest$RunTest -->
